<?xml version="1.0" encoding="UTF-8"?>
<!-- Generated by org.testng.reporters.JUnitReportReporter -->
<testsuite hostname="Khandoba" failures="0" tests="1" name="testcases.DashBoardTest" time="1.306" errors="0" timestamp="2024-11-29T12:09:35 IST" skipped="0">
  <testcase classname="testcases.DashBoardTest" name="search" time="1.306"/>
</testsuite> <!-- testcases.DashBoardTest -->
