<?xml version="1.0" encoding="UTF-8"?>
<!-- Generated by org.testng.reporters.JUnitReportReporter -->
<testsuite hostname="Khandoba" failures="0" tests="2" name="testcases.LoginTest" time="1.891" errors="0" timestamp="2024-11-29T12:09:35 IST" skipped="0">
  <testcase classname="testcases.LoginTest" name="loginToApp" time="1.877"/>
  <testcase classname="testcases.LoginTest" name="verifyUrl" time="0.014"/>
</testsuite> <!-- testcases.LoginTest -->
