<?xml version="1.0" encoding="UTF-8"?>
<!-- Generated by org.testng.reporters.JUnitReportReporter -->
<testsuite hostname="Khandoba" failures="0" tests="1" name="DemoMavenProject.DemoMavenProject.AppTest" time="0.005" errors="0" timestamp="2024-12-22T22:12:23 IST" skipped="0">
  <testcase classname="DemoMavenProject.DemoMavenProject.AppTest" name="shouldAnswerWithTrue" time="0.005"/>
</testsuite> <!-- DemoMavenProject.DemoMavenProject.AppTest -->
